SF:asymcat/__init__.py
DA:11,1
DA:12,1
DA:13,1
DA:16,1
DA:17,1
DA:27,1
LF:6
LH:6
end_of_record
SF:asymcat/__main__.py
DA:9,0
DA:10,0
DA:11,0
DA:12,0
DA:13,0
DA:14,0
DA:16,0
DA:18,0
DA:19,0
DA:22,0
DA:24,0
DA:36,0
DA:37,0
DA:43,0
DA:44,0
DA:47,0
DA:67,0
DA:76,0
DA:82,0
DA:90,0
DA:95,0
DA:98,0
DA:99,0
DA:105,0
DA:110,0
DA:113,0
DA:114,0
DA:115,0
DA:123,0
DA:125,0
DA:128,0
DA:130,0
DA:131,0
DA:133,0
DA:134,0
DA:135,0
DA:137,0
DA:138,0
DA:139,0
DA:140,0
DA:142,0
DA:144,0
DA:145,0
DA:147,0
DA:150,0
DA:154,0
DA:155,0
DA:156,0
DA:158,0
DA:160,0
DA:162,0
DA:163,0
DA:165,0
DA:168,0
DA:170,0
DA:190,0
DA:191,0
DA:193,0
DA:194,0
DA:195,0
DA:196,0
DA:198,0
DA:200,0
DA:203,0
DA:214,0
DA:215,0
DA:217,0
DA:218,0
DA:220,0
DA:221,0
DA:222,0
DA:223,0
DA:225,0
DA:228,0
DA:229,0
DA:230,0
DA:231,0
DA:234,0
DA:235,0
DA:236,0
DA:237,0
DA:240,0
DA:241,0
DA:242,0
DA:243,0
DA:244,0
DA:245,0
DA:247,0
DA:249,0
DA:252,0
DA:261,0
DA:263,0
DA:264,0
DA:265,0
DA:266,0
DA:268,0
DA:269,0
DA:270,0
DA:271,0
DA:272,0
DA:273,0
DA:275,0
DA:276,0
DA:277,0
DA:280,0
DA:281,0
DA:282,0
DA:285,0
DA:286,0
DA:288,0
DA:289,0
DA:290,0
DA:291,0
DA:292,0
DA:294,0
DA:297,0
DA:298,0
DA:301,0
DA:302,0
DA:303,0
DA:306,0
DA:307,0
DA:308,0
DA:309,0
DA:310,0
DA:311,0
DA:312,0
DA:314,0
DA:315,0
DA:317,0
DA:320,0
DA:323,0
DA:325,0
DA:326,0
DA:329,0
DA:330,0
DA:331,0
DA:333,0
DA:334,0
DA:335,0
DA:337,0
DA:338,0
DA:339,0
DA:341,0
DA:343,0
DA:346,0
DA:348,0
DA:349,0
DA:350,0
DA:353,0
DA:365,0
DA:375,0
DA:376,0
DA:377,0
DA:378,0
DA:379,0
DA:381,0
DA:383,0
DA:384,0
DA:385,0
DA:388,0
DA:389,0
LF:162
LH:0
FN:22,125,create_parser
FNDA:0,create_parser
FN:128,147,load_data
FNDA:0,load_data
FN:150,165,compute_cooccurrences
FNDA:0,compute_cooccurrences
FN:168,200,get_scorer_methods
FNDA:0,get_scorer_methods
FN:203,249,compute_scores
FNDA:0,compute_scores
FN:252,320,format_output
FNDA:0,format_output
FN:323,385,main
FNDA:0,main
FNF:7
FNH:0
BRDA:130,0,jump to line 131,-
BRDA:130,0,jump to line 133,-
BRDA:134,0,jump to line 135,-
BRDA:134,0,jump to line 137,-
BRDA:137,0,jump to line 138,-
BRDA:137,0,jump to line 139,-
BRDA:139,0,jump to line 140,-
BRDA:139,0,jump to line 142,-
BRDA:144,0,jump to line 145,-
BRDA:144,0,jump to line 147,-
BRDA:154,0,jump to line 155,-
BRDA:154,0,jump to line 160,-
BRDA:155,0,jump to line 156,-
BRDA:155,0,jump to line 158,-
BRDA:162,0,jump to line 163,-
BRDA:162,0,jump to line 165,-
BRDA:190,0,jump to line 191,-
BRDA:190,0,jump to line 193,-
BRDA:194,0,jump to line 195,-
BRDA:194,0,jump to line 200,-
BRDA:195,0,jump to line 196,-
BRDA:195,0,jump to line 198,-
BRDA:214,0,jump to line 215,-
BRDA:214,0,jump to line 217,-
BRDA:221,0,jump to line 222,-
BRDA:221,0,jump to line 249,-
BRDA:222,0,jump to line 223,-
BRDA:222,0,jump to line 225,-
BRDA:228,0,jump to line 229,-
BRDA:228,0,jump to line 234,-
BRDA:229,0,jump to line 230,-
BRDA:229,0,jump to line 231,-
BRDA:234,0,jump to line 235,-
BRDA:234,0,jump to line 240,-
BRDA:235,0,jump to line 236,-
BRDA:235,0,jump to line 237,-
BRDA:240,0,jump to line 241,-
BRDA:240,0,jump to line 247,-
BRDA:242,0,jump to line 243,-
BRDA:242,0,jump to line 245,-
BRDA:243,0,jump to line 242,-
BRDA:243,0,jump to line 244,-
BRDA:261,0,jump to line 263,-
BRDA:261,0,jump to line 268,-
BRDA:264,0,jump to line 265,-
BRDA:264,0,jump to line 266,-
BRDA:268,0,jump to line 269,-
BRDA:268,0,jump to line 275,-
BRDA:270,0,jump to line 271,-
BRDA:270,0,jump to line 273,-
BRDA:271,0,jump to line 270,-
BRDA:271,0,jump to line 272,-
BRDA:275,0,jump to line 276,-
BRDA:275,0,jump to line 320,-
BRDA:276,0,jump to line 277,-
BRDA:276,0,jump to line 280,-
BRDA:281,0,jump to line 282,-
BRDA:281,0,jump to line 285,-
BRDA:285,0,jump to line 286,-
BRDA:285,0,jump to line 288,-
BRDA:289,0,jump to line 290,-
BRDA:289,0,jump to line 291,-
BRDA:291,0,jump to line 292,-
BRDA:291,0,jump to line 294,-
BRDA:297,0,jump to line 298,-
BRDA:297,0,jump to line 301,-
BRDA:302,0,jump to line 303,-
BRDA:302,0,jump to line 306,-
BRDA:307,0,jump to line 308,-
BRDA:307,0,jump to line 317,-
BRDA:309,0,jump to line 310,-
BRDA:309,0,jump to line 315,-
BRDA:310,0,jump to line 311,-
BRDA:310,0,jump to line 314,-
BRDA:329,0,jump to line 330,-
BRDA:329,0,jump to line 333,-
BRDA:333,0,jump to line 334,-
BRDA:333,0,jump to line 337,-
BRDA:337,0,jump to line 338,-
BRDA:337,0,jump to line 341,-
BRDA:348,0,jump to line 349,-
BRDA:348,0,jump to line 353,-
BRDA:375,0,jump to line 376,-
BRDA:375,0,jump to line 381,-
BRDA:378,0,jump to line 379,-
BRDA:378,0,return from function 'main',-
BRDA:388,0,jump to line 389,-
BRDA:388,0,exit the module,-
BRF:88
BRH:0
end_of_record
SF:asymcat/common.py
DA:11,1
DA:12,1
DA:15,1
DA:16,1
DA:17,1
DA:18,1
DA:21,1
DA:24,1
DA:46,1
DA:47,0
DA:49,1
DA:50,0
DA:53,1
DA:54,1
DA:55,0
DA:57,1
DA:58,1
DA:59,0
DA:60,0
DA:62,1
DA:66,1
DA:95,1
DA:96,0
DA:98,1
DA:99,1
DA:101,1
DA:102,1
DA:104,1
DA:105,1
DA:107,1
DA:109,1
DA:110,1
DA:114,1
DA:154,1
DA:155,0
DA:157,1
DA:158,1
DA:160,1
DA:161,0
DA:163,1
DA:164,0
DA:167,1
DA:168,1
DA:169,1
DA:171,1
DA:172,1
DA:173,0
DA:180,1
DA:182,1
DA:188,1
DA:189,1
DA:190,1
DA:193,1
DA:200,1
DA:204,1
DA:210,1
DA:212,1
DA:215,1
DA:261,1
DA:262,0
DA:264,1
DA:265,0
DA:268,1
DA:269,1
DA:270,0
DA:287,1
DA:291,1
DA:297,1
DA:298,1
DA:299,0
DA:300,0
DA:301,1
DA:302,1
DA:303,1
DA:304,1
DA:307,1
DA:322,1
DA:326,1
DA:351,1
DA:352,1
DA:354,1
DA:361,1
DA:364,1
DA:416,1
DA:417,0
DA:419,1
DA:420,1
DA:422,1
DA:423,1
DA:425,1
DA:426,0
DA:428,1
DA:429,0
DA:434,1
DA:435,1
DA:436,1
DA:437,1
DA:438,1
DA:439,1
DA:440,1
DA:441,1
DA:442,1
DA:444,1
DA:446,1
DA:447,1
DA:448,1
DA:449,0
DA:450,0
DA:452,0
DA:453,0
DA:454,0
DA:455,0
DA:457,1
DA:458,0
DA:463,1
DA:465,1
DA:466,0
DA:468,1
DA:472,1
DA:497,1
DA:498,0
DA:500,1
DA:501,1
DA:503,1
DA:504,0
DA:508,1
DA:509,1
DA:510,1
DA:511,1
DA:513,1
DA:514,0
DA:516,1
DA:517,1
DA:518,1
DA:519,0
DA:520,0
DA:522,1
DA:523,0
DA:526,1
DA:527,1
DA:528,0
DA:533,1
DA:535,0
DA:536,0
DA:537,0
DA:538,0
DA:540,1
DA:541,0
DA:544,1
DA:546,1
LF:150
LH:112
FN:24,62,collect_alphabets
FNDA:1,collect_alphabets
FN:66,110,collect_ngrams
FNDA:1,collect_ngrams
FN:114,212,collect_cooccs
FNDA:1,collect_cooccs
FN:215,322,collect_observations
FNDA:1,collect_observations
FN:326,361,build_ct
FNDA:1,build_ct
FN:364,468,read_sequences
FNDA:1,read_sequences
FN:472,546,read_pa_matrix
FNDA:1,read_pa_matrix
FNF:7
FNH:7
BRDA:46,0,jump to line 47,0
BRDA:46,0,jump to line 49,1
BRDA:49,0,jump to line 50,0
BRDA:49,0,jump to line 53,1
BRDA:53,0,jump to line 54,1
BRDA:53,0,jump to line 57,1
BRDA:54,0,jump to line 53,1
BRDA:54,0,jump to line 55,0
BRDA:95,0,jump to line 96,0
BRDA:95,0,jump to line 98,1
BRDA:98,0,jump to line 99,1
BRDA:98,0,jump to line 101,1
BRDA:101,0,jump to line 102,1
BRDA:101,0,jump to line 104,1
BRDA:104,0,jump to line 105,1
BRDA:104,0,jump to line 107,1
BRDA:109,0,jump to line 110,1
BRDA:109,0,return from function 'collect_ngrams',1
BRDA:154,0,jump to line 155,0
BRDA:154,0,jump to line 157,1
BRDA:157,0,jump to line 158,1
BRDA:157,0,jump to line 160,1
BRDA:160,0,jump to line 161,0
BRDA:160,0,jump to line 163,1
BRDA:163,0,jump to line 164,0
BRDA:163,0,jump to line 167,1
BRDA:167,0,jump to line 168,1
BRDA:167,0,jump to line 180,1
BRDA:168,0,jump to line 169,1
BRDA:168,0,jump to line 171,1
BRDA:172,0,jump to line 167,1
BRDA:172,0,jump to line 173,0
BRDA:180,0,jump to line 182,1
BRDA:180,0,jump to line 188,1
BRDA:188,0,jump to line 189,1
BRDA:188,0,jump to line 193,1
BRDA:189,0,jump to line 188,1
BRDA:189,0,jump to line 190,1
BRDA:261,0,jump to line 262,0
BRDA:261,0,jump to line 264,1
BRDA:264,0,jump to line 265,0
BRDA:264,0,jump to line 268,1
BRDA:268,0,jump to line 269,1
BRDA:268,0,jump to line 287,1
BRDA:269,0,jump to line 268,1
BRDA:269,0,jump to line 270,0
BRDA:351,0,jump to line 352,1
BRDA:351,0,jump to line 354,1
BRDA:416,0,jump to line 417,0
BRDA:416,0,jump to line 419,1
BRDA:419,0,jump to line 420,1
BRDA:419,0,jump to line 422,1
BRDA:422,0,jump to line 423,1
BRDA:422,0,jump to line 425,1
BRDA:425,0,jump to line 426,0
BRDA:425,0,jump to line 428,1
BRDA:428,0,jump to line 429,0
BRDA:428,0,jump to line 434,1
BRDA:437,0,jump to line 438,1
BRDA:437,0,jump to line 446,1
BRDA:439,0,jump to line 440,1
BRDA:439,0,jump to line 457,1
BRDA:440,0,jump to line 441,1
BRDA:440,0,jump to line 444,1
BRDA:457,0,jump to line 458,0
BRDA:457,0,jump to line 463,1
BRDA:465,0,jump to line 466,0
BRDA:465,0,jump to line 468,1
BRDA:497,0,jump to line 498,0
BRDA:497,0,jump to line 500,1
BRDA:500,0,jump to line 501,1
BRDA:500,0,jump to line 503,1
BRDA:503,0,jump to line 504,0
BRDA:503,0,jump to line 508,1
BRDA:513,0,jump to line 514,0
BRDA:513,0,jump to line 516,1
BRDA:516,0,jump to line 517,1
BRDA:516,0,jump to line 540,1
BRDA:522,0,jump to line 523,0
BRDA:522,0,jump to line 526,1
BRDA:526,0,jump to line 527,1
BRDA:526,0,jump to line 533,1
BRDA:527,0,jump to line 526,1
BRDA:527,0,jump to line 528,0
BRDA:540,0,jump to line 541,0
BRDA:540,0,jump to line 544,1
BRF:86
BRH:64
end_of_record
SF:asymcat/correlation.py
DA:11,1
DA:14,1
DA:17,1
DA:20,1
DA:21,0
DA:25,0
DA:26,0
DA:27,0
DA:28,0
DA:29,0
DA:30,0
DA:33,0
DA:36,1
DA:37,0
DA:40,1
DA:41,0
LF:16
LH:6
FN:20,33,cramers_v
FNDA:0,cramers_v
FN:36,37,conditional_entropy
FNDA:0,conditional_entropy
FN:40,41,theil_u
FNDA:0,theil_u
FNF:3
FNH:0
BRDA:27,0,jump to line 28,-
BRDA:27,0,jump to line 33,-
BRF:2
BRH:0
end_of_record
SF:asymcat/scorer.py
DA:16,1
DA:19,1
DA:20,1
DA:21,1
DA:24,1
DA:25,1
DA:26,1
DA:29,1
DA:32,1
DA:52,1
DA:53,1
DA:54,1
DA:57,1
DA:58,1
DA:59,1
DA:60,1
DA:61,1
DA:63,1
DA:66,1
DA:82,1
DA:83,1
DA:84,1
DA:87,1
DA:88,1
DA:91,1
DA:92,1
DA:93,1
DA:96,1
DA:99,1
DA:124,1
DA:125,1
DA:126,1
DA:127,1
DA:129,1
DA:130,1
DA:131,1
DA:133,1
DA:136,1
DA:154,1
DA:157,1
DA:158,1
DA:161,1
DA:162,1
DA:167,1
DA:168,1
DA:170,1
DA:172,1
DA:175,1
DA:193,1
DA:194,0
DA:196,1
DA:197,0
DA:200,1
DA:201,1
DA:202,1
DA:204,1
DA:205,1
DA:208,1
DA:209,1
DA:210,1
DA:211,1
DA:214,1
DA:215,1
DA:217,1
DA:220,1
DA:239,1
DA:240,0
DA:242,1
DA:243,0
DA:246,1
DA:249,1
DA:250,1
DA:252,1
DA:253,1
DA:254,1
DA:255,1
DA:256,1
DA:259,1
DA:260,1
DA:262,1
DA:265,1
DA:283,1
DA:284,1
DA:286,1
DA:287,1
DA:289,1
DA:290,0
DA:292,1
DA:295,1
DA:315,1
DA:316,0
DA:318,1
DA:319,0
DA:321,1
DA:323,1
DA:324,1
DA:327,1
DA:328,1
DA:331,1
DA:332,1
DA:335,1
DA:339,1
DA:340,1
DA:342,1
DA:344,1
DA:345,1
DA:346,1
DA:347,1
DA:348,1
DA:351,1
DA:352,1
DA:353,1
DA:355,1
DA:356,1
DA:359,1
DA:376,1
DA:379,1
DA:382,1
DA:383,1
DA:384,1
DA:386,1
DA:387,0
DA:390,1
DA:393,1
DA:394,1
DA:395,1
DA:396,1
DA:397,1
DA:400,1
DA:401,1
DA:403,1
DA:409,1
DA:438,1
DA:441,1
DA:443,1
DA:446,1
DA:447,1
DA:448,1
DA:449,1
DA:451,1
DA:459,1
DA:461,1
DA:462,1
DA:464,1
DA:468,1
DA:469,1
DA:470,1
DA:472,1
DA:476,1
DA:478,1
DA:481,1
DA:499,1
DA:500,1
DA:502,1
DA:506,1
DA:509,1
DA:528,1
DA:530,1
DA:531,1
DA:533,1
DA:536,1
DA:541,1
DA:557,1
DA:558,1
DA:561,1
DA:562,1
DA:563,1
DA:566,1
DA:567,1
DA:571,1
DA:572,1
DA:573,1
DA:574,0
DA:575,0
DA:576,0
DA:577,0
DA:579,0
DA:582,1
DA:585,1
DA:586,1
DA:589,1
DA:590,1
DA:591,1
DA:592,1
DA:593,1
DA:594,1
DA:595,1
DA:596,1
DA:597,1
DA:598,1
DA:599,1
DA:600,1
DA:601,1
DA:602,1
DA:603,1
DA:604,1
DA:605,1
DA:607,1
DA:629,1
DA:630,1
DA:631,1
DA:633,1
DA:634,1
DA:636,1
DA:638,1
DA:641,1
DA:642,1
DA:643,1
DA:644,1
DA:645,1
DA:647,1
DA:649,1
DA:651,1
DA:665,1
DA:666,1
DA:667,1
DA:668,1
DA:669,1
DA:670,1
DA:672,1
DA:683,1
DA:684,1
DA:686,1
DA:687,1
DA:689,1
DA:696,1
DA:697,1
DA:699,1
DA:700,1
DA:706,1
DA:707,1
DA:709,1
DA:712,0
DA:714,0
DA:715,0
DA:717,0
DA:718,0
DA:720,0
DA:722,0
DA:724,0
DA:727,1
DA:728,1
DA:730,1
DA:733,0
DA:735,0
DA:736,0
DA:738,0
DA:739,0
DA:741,0
DA:743,0
DA:745,0
DA:747,1
DA:749,1
DA:751,1
DA:760,0
DA:771,0
DA:773,0
DA:774,0
DA:775,0
DA:777,0
DA:778,0
DA:779,0
DA:780,0
DA:781,0
DA:782,0
DA:783,0
DA:784,0
DA:787,0
DA:788,0
DA:790,0
DA:791,0
DA:792,0
DA:793,0
DA:795,0
DA:796,0
DA:797,0
DA:799,0
DA:800,0
DA:803,0
DA:804,0
DA:805,0
DA:807,0
DA:808,0
DA:809,0
DA:812,0
DA:813,0
DA:815,0
DA:817,0
DA:818,0
DA:820,0
DA:822,0
DA:824,1
DA:838,0
DA:839,0
DA:841,0
DA:842,0
DA:843,0
DA:844,0
DA:847,0
DA:848,0
DA:849,0
DA:851,0
DA:853,0
DA:854,0
DA:855,0
DA:857,0
DA:859,0
DA:861,0
DA:863,1
DA:874,1
DA:876,1
DA:878,1
DA:879,1
DA:880,1
DA:881,1
DA:887,1
DA:889,1
DA:891,1
DA:892,1
DA:893,1
DA:894,1
DA:900,1
DA:901,1
DA:902,1
DA:904,1
DA:905,1
DA:907,1
DA:909,1
DA:919,1
DA:923,1
DA:933,1
DA:935,1
DA:949,1
DA:952,1
DA:953,1
DA:954,1
DA:955,1
DA:956,1
DA:957,1
DA:959,1
DA:961,1
DA:967,1
DA:968,1
DA:971,1
DA:973,1
DA:975,1
DA:976,1
DA:978,1
DA:979,1
DA:980,1
DA:982,1
DA:984,1
DA:985,1
DA:988,1
DA:993,1
DA:995,1
DA:1000,1
DA:1001,1
DA:1003,1
DA:1004,1
DA:1005,1
DA:1006,1
DA:1007,1
DA:1010,1
DA:1015,1
DA:1017,1
DA:1025,1
DA:1028,1
DA:1029,1
DA:1032,1
DA:1033,1
DA:1034,1
DA:1035,1
DA:1037,1
DA:1039,1
DA:1040,1
DA:1042,1
DA:1044,1
DA:1046,1
DA:1048,1
DA:1060,1
DA:1061,1
DA:1063,1
DA:1064,1
DA:1066,1
DA:1068,1
DA:1069,1
DA:1070,1
DA:1073,1
DA:1074,1
DA:1076,1
DA:1079,0
DA:1081,1
DA:1083,1
DA:1095,1
DA:1096,1
DA:1098,1
DA:1099,1
DA:1101,1
DA:1103,1
DA:1104,1
DA:1105,1
DA:1108,1
DA:1109,1
DA:1111,1
DA:1114,0
DA:1116,1
DA:1118,1
DA:1130,1
DA:1131,1
DA:1134,1
DA:1135,1
DA:1137,1
DA:1138,1
DA:1139,1
DA:1140,1
DA:1141,1
DA:1143,1
DA:1144,1
DA:1146,1
DA:1147,1
DA:1149,1
DA:1150,1
DA:1153,1
DA:1154,1
DA:1156,1
DA:1158,1
DA:1160,1
DA:1172,1
DA:1173,1
DA:1175,1
DA:1176,1
DA:1178,1
DA:1180,1
DA:1181,1
DA:1182,1
DA:1185,1
DA:1186,1
DA:1188,1
DA:1191,0
DA:1193,1
DA:1195,1
DA:1213,1
LF:443
LH:358
FN:32,63,conditional_entropy
FNDA:1,conditional_entropy
FN:66,96,compute_cramers_v
FNDA:1,compute_cramers_v
FN:99,133,compute_pmi
FNDA:1,compute_pmi
FN:136,172,compute_theil_u
FNDA:1,compute_theil_u
FN:175,217,compute_mutual_information
FNDA:1,compute_mutual_information
FN:220,262,compute_normalized_mutual_information
FNDA:1,compute_normalized_mutual_information
FN:265,292,compute_jaccard_index
FNDA:1,compute_jaccard_index
FN:295,356,compute_goodman_kruskal_lambda
FNDA:1,compute_goodman_kruskal_lambda
FN:359,403,compute_log_likelihood_ratio
FNDA:1,compute_log_likelihood_ratio
FN:409,478,scale_scorer
FNDA:1,scale_scorer
FN:481,506,invert_scorer
FNDA:1,invert_scorer
FN:509,533,scorer2matrices
FNDA:1,scorer2matrices
FN:541,605,CatScorer.__init__
FNDA:1,CatScorer.__init__
FN:607,649,CatScorer._compute_contingency_table_scorer
FNDA:1,CatScorer._compute_contingency_table_scorer
FN:651,670,CatScorer._compute_probabilities
FNDA:1,CatScorer._compute_probabilities
FN:672,687,CatScorer._compute_contingency_table
FNDA:1,CatScorer._compute_contingency_table
FN:689,749,CatScorer.mle
FNDA:1,CatScorer.mle
FN:751,822,CatScorer.get_smoothed_probabilities
FNDA:0,CatScorer.get_smoothed_probabilities
FN:824,861,CatScorer.pmi_smoothed
FNDA:0,CatScorer.pmi_smoothed
FN:863,907,CatScorer.pmi
FNDA:1,CatScorer.pmi
FN:909,921,CatScorer.chi2
FNDA:1,CatScorer.chi2
FN:923,933,CatScorer.cramers_v
FNDA:1,CatScorer.cramers_v
FN:935,959,CatScorer.fisher
FNDA:1,CatScorer.fisher
FN:961,993,CatScorer.theil_u
FNDA:1,CatScorer.theil_u
FN:995,1015,CatScorer.cond_entropy
FNDA:1,CatScorer.cond_entropy
FN:1017,1046,CatScorer.tresoldi
FNDA:1,CatScorer.tresoldi
FN:1048,1081,CatScorer.mutual_information
FNDA:1,CatScorer.mutual_information
FN:1083,1116,CatScorer.normalized_mutual_information
FNDA:1,CatScorer.normalized_mutual_information
FN:1118,1158,CatScorer.jaccard_index
FNDA:1,CatScorer.jaccard_index
FN:1160,1193,CatScorer.goodman_kruskal_lambda
FNDA:1,CatScorer.goodman_kruskal_lambda
FN:1195,1215,CatScorer.log_likelihood_ratio
FNDA:1,CatScorer.log_likelihood_ratio
FNF:31
FNH:29
BRDA:58,0,jump to line 59,1
BRDA:58,0,jump to line 63,1
BRDA:124,0,jump to line 125,1
BRDA:124,0,jump to line 129,1
BRDA:126,0,jump to line 127,1
BRDA:126,0,jump to line 133,1
BRDA:130,0,jump to line 131,1
BRDA:130,0,jump to line 133,1
BRDA:167,0,jump to line 168,1
BRDA:167,0,jump to line 170,1
BRDA:193,0,jump to line 194,0
BRDA:193,0,jump to line 196,1
BRDA:196,0,jump to line 197,0
BRDA:196,0,jump to line 200,1
BRDA:208,0,jump to line 209,1
BRDA:208,0,jump to line 217,1
BRDA:214,0,jump to line 208,0
BRDA:214,0,jump to line 215,1
BRDA:239,0,jump to line 240,0
BRDA:239,0,jump to line 242,1
BRDA:242,0,jump to line 243,0
BRDA:242,0,jump to line 246,1
BRDA:253,0,jump to line 254,1
BRDA:253,0,jump to line 259,1
BRDA:255,0,jump to line 253,0
BRDA:255,0,jump to line 256,1
BRDA:259,0,jump to line 260,1
BRDA:259,0,jump to line 262,1
BRDA:289,0,jump to line 290,0
BRDA:289,0,jump to line 292,1
BRDA:315,0,jump to line 316,0
BRDA:315,0,jump to line 318,1
BRDA:318,0,jump to line 319,0
BRDA:318,0,jump to line 321,1
BRDA:321,0,jump to line 323,1
BRDA:321,0,jump to line 327,1
BRDA:342,0,jump to line 344,1
BRDA:342,0,jump to line 351,1
BRDA:345,0,jump to line 342,0
BRDA:345,0,jump to line 346,1
BRDA:352,0,jump to line 353,1
BRDA:352,0,jump to line 355,1
BRDA:386,0,jump to line 387,0
BRDA:386,0,jump to line 390,1
BRDA:394,0,jump to line 395,1
BRDA:394,0,jump to line 403,1
BRDA:395,0,jump to line 394,1
BRDA:395,0,jump to line 396,1
BRDA:400,0,jump to line 395,1
BRDA:400,0,jump to line 401,1
BRDA:441,0,jump to line 443,1
BRDA:441,0,jump to line 459,1
BRDA:459,0,jump to line 461,1
BRDA:459,0,jump to line 468,1
BRDA:468,0,jump to line 469,1
BRDA:468,0,jump to line 476,1
BRDA:572,0,jump to line 573,1
BRDA:572,0,jump to line 574,0
BRDA:574,0,jump to line 575,-
BRDA:574,0,jump to line 576,-
BRDA:576,0,jump to line 577,-
BRDA:576,0,jump to line 579,-
BRDA:629,0,jump to line 630,1
BRDA:629,0,jump to line 633,1
BRDA:636,0,jump to line 638,1
BRDA:636,0,jump to line 649,0
BRDA:643,0,jump to line 644,1
BRDA:643,0,jump to line 647,1
BRDA:683,0,jump to line 684,1
BRDA:683,0,jump to line 686,1
BRDA:686,0,jump to line 687,1
BRDA:686,0,return from function '_compute_contingency_table',1
BRDA:696,0,jump to line 697,1
BRDA:696,0,jump to line 749,1
BRDA:699,0,jump to line 700,1
BRDA:699,0,jump to line 749,1
BRDA:706,0,jump to line 707,1
BRDA:706,0,jump to line 724,0
BRDA:707,0,jump to line 709,1
BRDA:707,0,jump to line 712,0
BRDA:714,0,jump to line 715,-
BRDA:714,0,jump to line 717,-
BRDA:717,0,jump to line 718,-
BRDA:717,0,jump to line 720,-
BRDA:727,0,jump to line 728,1
BRDA:727,0,jump to line 745,0
BRDA:728,0,jump to line 730,1
BRDA:728,0,jump to line 733,0
BRDA:735,0,jump to line 736,-
BRDA:735,0,jump to line 738,-
BRDA:738,0,jump to line 739,-
BRDA:738,0,jump to line 741,-
BRDA:777,0,jump to line 778,-
BRDA:777,0,jump to line 787,-
BRDA:779,0,jump to line 780,-
BRDA:779,0,jump to line 781,-
BRDA:781,0,jump to line 782,-
BRDA:781,0,jump to line 783,-
BRDA:787,0,jump to line 788,-
BRDA:787,0,jump to line 790,-
BRDA:790,0,jump to line 791,-
BRDA:790,0,jump to line 795,-
BRDA:799,0,jump to line 800,-
BRDA:799,0,jump to line 822,-
BRDA:812,0,jump to line 813,-
BRDA:812,0,jump to line 815,-
BRDA:817,0,jump to line 818,-
BRDA:817,0,jump to line 820,-
BRDA:841,0,jump to line 842,-
BRDA:841,0,jump to line 861,-
BRDA:847,0,jump to line 848,-
BRDA:847,0,jump to line 857,-
BRDA:851,0,jump to line 853,-
BRDA:851,0,jump to line 859,-
BRDA:853,0,jump to line 854,-
BRDA:853,0,jump to line 859,-
BRDA:874,0,jump to line 876,1
BRDA:874,0,jump to line 887,1
BRDA:879,0,jump to line 880,1
BRDA:879,0,jump to line 887,1
BRDA:887,0,jump to line 889,1
BRDA:887,0,jump to line 900,1
BRDA:892,0,jump to line 893,1
BRDA:892,0,jump to line 900,1
BRDA:900,0,jump to line 901,1
BRDA:900,0,jump to line 904,1
BRDA:952,0,jump to line 953,1
BRDA:952,0,jump to line 959,0
BRDA:955,0,jump to line 956,1
BRDA:955,0,jump to line 959,1
BRDA:967,0,jump to line 968,1
BRDA:967,0,jump to line 993,1
BRDA:975,0,jump to line 976,1
BRDA:975,0,jump to line 993,1
BRDA:976,0,jump to line 975,1
BRDA:976,0,jump to line 978,1
BRDA:978,0,jump to line 979,1
BRDA:978,0,jump to line 982,1
BRDA:1000,0,jump to line 1001,1
BRDA:1000,0,jump to line 1015,1
BRDA:1003,0,jump to line 1004,1
BRDA:1003,0,jump to line 1015,1
BRDA:1004,0,jump to line 1003,1
BRDA:1004,0,jump to line 1005,1
BRDA:1025,0,jump to line 1028,1
BRDA:1025,0,jump to line 1046,1
BRDA:1033,0,jump to line 1034,1
BRDA:1033,0,jump to line 1046,1
BRDA:1034,0,jump to line 1035,1
BRDA:1034,0,jump to line 1037,1
BRDA:1039,0,jump to line 1040,1
BRDA:1039,0,jump to line 1042,1
BRDA:1060,0,jump to line 1061,1
BRDA:1060,0,jump to line 1081,1
BRDA:1063,0,jump to line 1064,1
BRDA:1063,0,jump to line 1081,1
BRDA:1064,0,jump to line 1063,1
BRDA:1064,0,jump to line 1066,1
BRDA:1068,0,jump to line 1069,1
BRDA:1068,0,jump to line 1079,0
BRDA:1095,0,jump to line 1096,1
BRDA:1095,0,jump to line 1116,0
BRDA:1098,0,jump to line 1099,1
BRDA:1098,0,jump to line 1116,1
BRDA:1099,0,jump to line 1098,1
BRDA:1099,0,jump to line 1101,1
BRDA:1103,0,jump to line 1104,1
BRDA:1103,0,jump to line 1114,0
BRDA:1130,0,jump to line 1131,1
BRDA:1130,0,jump to line 1158,0
BRDA:1137,0,jump to line 1138,1
BRDA:1137,0,jump to line 1146,1
BRDA:1138,0,jump to line 1139,1
BRDA:1138,0,jump to line 1140,1
BRDA:1140,0,jump to line 1141,1
BRDA:1140,0,jump to line 1143,1
BRDA:1146,0,jump to line 1147,1
BRDA:1146,0,jump to line 1158,1
BRDA:1147,0,jump to line 1146,1
BRDA:1147,0,jump to line 1149,1
BRDA:1172,0,jump to line 1173,1
BRDA:1172,0,jump to line 1193,0
BRDA:1175,0,jump to line 1176,1
BRDA:1175,0,jump to line 1193,1
BRDA:1176,0,jump to line 1175,1
BRDA:1176,0,jump to line 1178,1
BRDA:1180,0,jump to line 1181,1
BRDA:1180,0,jump to line 1191,0
BRF:188
BRH:128
end_of_record
